<?xml version="1.0" encoding="UTF-8"?>
<testng-results ignored="0" total="1" passed="1" failed="0" skipped="0">
  <reporter-output>
  </reporter-output>
  <suite started-at="2024-09-27T13:04:30 IST" name="Default suite" finished-at="2024-09-27T13:04:45 IST" duration-ms="15064">
    <groups>
    </groups>
    <test started-at="2024-09-27T13:04:30 IST" name="Default test" finished-at="2024-09-27T13:04:45 IST" duration-ms="15064">
      <class name="testng.Datadriventest">
        <test-method is-config="true" signature="setup()[pri:0, instance:testng.Datadriventest@2a7f1f10]" started-at="2024-09-27T13:04:30 IST" name="setup" finished-at="2024-09-27T13:04:30 IST" duration-ms="6" status="PASS">
          <reporter-output>
          </reporter-output>
        </test-method> <!-- setup -->
        <test-method is-config="true" signature="urlloding()[pri:0, instance:testng.Datadriventest@2a7f1f10]" started-at="2024-09-27T13:04:30 IST" name="urlloding" finished-at="2024-09-27T13:04:36 IST" duration-ms="5462" status="PASS">
          <reporter-output>
          </reporter-output>
        </test-method> <!-- urlloding -->
        <test-method signature="datadriven()[pri:0, instance:testng.Datadriventest@2a7f1f10]" started-at="2024-09-27T13:04:36 IST" name="datadriven" finished-at="2024-09-27T13:04:45 IST" duration-ms="9559" status="PASS">
          <reporter-output>
          </reporter-output>
        </test-method> <!-- datadriven -->
      </class> <!-- testng.Datadriventest -->
    </test> <!-- Default test -->
  </suite> <!-- Default suite -->
</testng-results>
